2022-06-21 16:12:34.061  INFO 9497 --- [main] com.fan.fandemo.FanDemoApplication       : Starting FanDemoApplication using Java 11.0.6 on Eric-MacBook-Magic.local with PID 9497 (/Users/eric/Documents/Doc/springboot/2022-06-20 test2/Fan-Demo/target/classes started by eric in /Users/eric/Documents/Doc/springboot/2022-06-20 test2/Fan-Demo)
2022-06-21 16:12:34.064  INFO 9497 --- [main] com.fan.fandemo.FanDemoApplication       : No active profile set, falling back to 1 default profile: "default"
2022-06-21 16:12:34.606  INFO 9497 --- [main] .s.d.r.c.RepositoryConfigurationDelegate : Bootstrapping Spring Data JPA repositories in DEFAULT mode.
2022-06-21 16:12:34.643  INFO 9497 --- [main] .s.d.r.c.RepositoryConfigurationDelegate : Finished Spring Data repository scanning in 30 ms. Found 1 JPA repository interfaces.
2022-06-21 16:12:35.014  INFO 9497 --- [main] o.s.b.w.embedded.tomcat.TomcatWebServer  : Tomcat initialized with port(s): 8080 (http)
2022-06-21 16:12:35.024  INFO 9497 --- [main] o.apache.catalina.core.StandardService   : Starting service [Tomcat]
2022-06-21 16:12:35.024  INFO 9497 --- [main] org.apache.catalina.core.StandardEngine  : Starting Servlet engine: [Apache Tomcat/9.0.63]
2022-06-21 16:12:35.122  INFO 9497 --- [main] o.a.c.c.C.[Tomcat].[localhost].[/]       : Initializing Spring embedded WebApplicationContext
2022-06-21 16:12:35.122  INFO 9497 --- [main] w.s.c.ServletWebServerApplicationContext : Root WebApplicationContext: initialization completed in 1017 ms
2022-06-21 16:12:35.252  INFO 9497 --- [main] o.hibernate.jpa.internal.util.LogHelper  : HHH000204: Processing PersistenceUnitInfo [name: default]
2022-06-21 16:12:35.290  INFO 9497 --- [main] org.hibernate.Version                    : HHH000412: Hibernate ORM core version 5.6.9.Final
2022-06-21 16:12:35.387  INFO 9497 --- [main] o.hibernate.annotations.common.Version   : HCANN000001: Hibernate Commons Annotations {5.1.2.Final}
2022-06-21 16:12:35.446  INFO 9497 --- [main] com.zaxxer.hikari.HikariDataSource       : HikariPool-1 - Starting...
2022-06-21 16:12:38.169  INFO 9497 --- [main] com.zaxxer.hikari.HikariDataSource       : HikariPool-1 - Start completed.
2022-06-21 16:12:38.180  INFO 9497 --- [main] org.hibernate.dialect.Dialect            : HHH000400: Using dialect: org.hibernate.dialect.MySQL5InnoDBDialect
2022-06-21 16:12:38.748  INFO 9497 --- [main] o.h.e.t.j.p.i.JtaPlatformInitiator       : HHH000490: Using JtaPlatform implementation: [org.hibernate.engine.transaction.jta.platform.internal.NoJtaPlatform]
2022-06-21 16:12:38.756  INFO 9497 --- [main] j.LocalContainerEntityManagerFactoryBean : Initialized JPA EntityManagerFactory for persistence unit 'default'
2022-06-21 16:12:39.033  WARN 9497 --- [main] JpaBaseConfiguration$JpaWebConfiguration : spring.jpa.open-in-view is enabled by default. Therefore, database queries may be performed during view rendering. Explicitly configure spring.jpa.open-in-view to disable this warning
2022-06-21 16:12:39.166  INFO 9497 --- [main] o.s.b.a.w.s.WelcomePageHandlerMapping    : Adding welcome page template: index
2022-06-21 16:12:39.317  INFO 9497 --- [main] o.s.b.w.embedded.tomcat.TomcatWebServer  : Tomcat started on port(s): 8080 (http) with context path ''
2022-06-21 16:12:39.325  INFO 9497 --- [main] com.fan.fandemo.FanDemoApplication       : Started FanDemoApplication in 5.695 seconds (JVM running for 6.049)
2022-06-21 16:12:39.326  INFO 9497 --- [main] c.fan.fandemo.repository.DatabaseLoader  : test_param=Hello world!
2022-06-21 16:12:51.209  INFO 9497 --- [http-nio-8080-exec-1] o.a.c.c.C.[Tomcat].[localhost].[/]       : Initializing Spring DispatcherServlet 'dispatcherServlet'
2022-06-21 16:12:51.209  INFO 9497 --- [http-nio-8080-exec-1] o.s.web.servlet.DispatcherServlet        : Initializing Servlet 'dispatcherServlet'
2022-06-21 16:12:51.211  INFO 9497 --- [http-nio-8080-exec-1] o.s.web.servlet.DispatcherServlet        : Completed initialization in 1 ms
2022-06-21 16:12:51.705  INFO 9497 --- [http-nio-8080-exec-5] c.f.f.controller.FanSettingsController   : findByName: name=default
2022-06-21 16:12:51.705  INFO 9497 --- [http-nio-8080-exec-5] c.f.fandemo.service.FanSettingsService   : findByName: name=default
2022-06-21 16:13:00.427  INFO 9497 --- [http-nio-8080-exec-10] c.f.f.controller.FanSettingsController   : findByName: name=default
2022-06-21 16:13:00.427  INFO 9497 --- [http-nio-8080-exec-10] c.f.fandemo.service.FanSettingsService   : findByName: name=default
2022-06-21 16:17:53.446  INFO 9497 --- [http-nio-8080-exec-6] c.f.f.controller.FanSettingsController   : findByName: name=default
2022-06-21 16:17:53.447  INFO 9497 --- [http-nio-8080-exec-6] c.f.fandemo.service.FanSettingsService   : findByName: name=default
2022-06-21 16:18:54.163  INFO 9497 --- [http-nio-8080-exec-3] c.f.f.controller.FanSettingsController   : findByName: name=default
2022-06-21 16:18:54.164  INFO 9497 --- [http-nio-8080-exec-3] c.f.fandemo.service.FanSettingsService   : findByName: name=default
2022-06-21 16:24:47.980  INFO 9497 --- [http-nio-8080-exec-1] c.f.f.controller.FanSettingsController   : findByName: name=default
2022-06-21 16:24:47.981  INFO 9497 --- [http-nio-8080-exec-1] c.f.fandemo.service.FanSettingsService   : findByName: name=default
2022-06-21 16:25:00.582  INFO 9497 --- [http-nio-8080-exec-5] c.f.f.controller.FanSettingsController   : findByName: name=default
2022-06-21 16:25:00.583  INFO 9497 --- [http-nio-8080-exec-5] c.f.fandemo.service.FanSettingsService   : findByName: name=default
2022-06-21 16:25:29.502  INFO 9497 --- [http-nio-8080-exec-10] c.f.f.controller.FanSettingsController   : findByName: name=default
2022-06-21 16:25:29.502  INFO 9497 --- [http-nio-8080-exec-10] c.f.fandemo.service.FanSettingsService   : findByName: name=default
2022-06-21 16:27:05.095  INFO 9497 --- [SpringApplicationShutdownHook] j.LocalContainerEntityManagerFactoryBean : Closing JPA EntityManagerFactory for persistence unit 'default'
2022-06-21 16:27:05.098  INFO 9497 --- [SpringApplicationShutdownHook] com.zaxxer.hikari.HikariDataSource       : HikariPool-1 - Shutdown initiated...
2022-06-21 16:27:05.109  INFO 9497 --- [SpringApplicationShutdownHook] com.zaxxer.hikari.HikariDataSource       : HikariPool-1 - Shutdown completed.
2022-06-21 16:27:31.009  INFO 9872 --- [main] com.fan.fandemo.FanDemoApplication       : Starting FanDemoApplication using Java 11.0.6 on Eric-MacBook-Magic.local with PID 9872 (/Users/eric/Documents/Doc/springboot/2022-06-20 test2/Fan-Demo/target/classes started by eric in /Users/eric/Documents/Doc/springboot/2022-06-20 test2/Fan-Demo)
2022-06-21 16:27:31.012  INFO 9872 --- [main] com.fan.fandemo.FanDemoApplication       : No active profile set, falling back to 1 default profile: "default"
2022-06-21 16:27:31.562  INFO 9872 --- [main] .s.d.r.c.RepositoryConfigurationDelegate : Bootstrapping Spring Data JPA repositories in DEFAULT mode.
2022-06-21 16:27:31.599  INFO 9872 --- [main] .s.d.r.c.RepositoryConfigurationDelegate : Finished Spring Data repository scanning in 30 ms. Found 1 JPA repository interfaces.
2022-06-21 16:27:32.005  INFO 9872 --- [main] o.s.b.w.embedded.tomcat.TomcatWebServer  : Tomcat initialized with port(s): 8080 (http)
2022-06-21 16:27:32.013  INFO 9872 --- [main] o.apache.catalina.core.StandardService   : Starting service [Tomcat]
2022-06-21 16:27:32.014  INFO 9872 --- [main] org.apache.catalina.core.StandardEngine  : Starting Servlet engine: [Apache Tomcat/9.0.63]
2022-06-21 16:27:32.118  INFO 9872 --- [main] o.a.c.c.C.[Tomcat].[localhost].[/]       : Initializing Spring embedded WebApplicationContext
2022-06-21 16:27:32.119  INFO 9872 --- [main] w.s.c.ServletWebServerApplicationContext : Root WebApplicationContext: initialization completed in 1073 ms
2022-06-21 16:27:32.277  INFO 9872 --- [main] o.hibernate.jpa.internal.util.LogHelper  : HHH000204: Processing PersistenceUnitInfo [name: default]
2022-06-21 16:27:32.310  INFO 9872 --- [main] org.hibernate.Version                    : HHH000412: Hibernate ORM core version 5.6.9.Final
2022-06-21 16:27:32.440  INFO 9872 --- [main] o.hibernate.annotations.common.Version   : HCANN000001: Hibernate Commons Annotations {5.1.2.Final}
2022-06-21 16:27:32.512  INFO 9872 --- [main] com.zaxxer.hikari.HikariDataSource       : HikariPool-1 - Starting...
2022-06-21 16:27:33.494  INFO 9872 --- [main] com.zaxxer.hikari.HikariDataSource       : HikariPool-1 - Start completed.
2022-06-21 16:27:33.506  INFO 9872 --- [main] org.hibernate.dialect.Dialect            : HHH000400: Using dialect: org.hibernate.dialect.MySQL5InnoDBDialect
2022-06-21 16:27:34.021  INFO 9872 --- [main] o.h.e.t.j.p.i.JtaPlatformInitiator       : HHH000490: Using JtaPlatform implementation: [org.hibernate.engine.transaction.jta.platform.internal.NoJtaPlatform]
2022-06-21 16:27:34.034  INFO 9872 --- [main] j.LocalContainerEntityManagerFactoryBean : Initialized JPA EntityManagerFactory for persistence unit 'default'
2022-06-21 16:27:34.334  WARN 9872 --- [main] JpaBaseConfiguration$JpaWebConfiguration : spring.jpa.open-in-view is enabled by default. Therefore, database queries may be performed during view rendering. Explicitly configure spring.jpa.open-in-view to disable this warning
2022-06-21 16:27:34.463  INFO 9872 --- [main] o.s.b.a.w.s.WelcomePageHandlerMapping    : Adding welcome page template: index
2022-06-21 16:27:34.629  INFO 9872 --- [main] o.s.b.w.embedded.tomcat.TomcatWebServer  : Tomcat started on port(s): 8080 (http) with context path ''
2022-06-21 16:27:34.638  INFO 9872 --- [main] com.fan.fandemo.FanDemoApplication       : Started FanDemoApplication in 3.984 seconds (JVM running for 4.298)
2022-06-21 16:27:34.640  INFO 9872 --- [main] c.fan.fandemo.repository.DatabaseLoader  : test_param=Hello world!
2022-06-21 16:27:39.533  INFO 9872 --- [http-nio-8080-exec-1] o.a.c.c.C.[Tomcat].[localhost].[/]       : Initializing Spring DispatcherServlet 'dispatcherServlet'
2022-06-21 16:27:39.534  INFO 9872 --- [http-nio-8080-exec-1] o.s.web.servlet.DispatcherServlet        : Initializing Servlet 'dispatcherServlet'
2022-06-21 16:27:39.536  INFO 9872 --- [http-nio-8080-exec-1] o.s.web.servlet.DispatcherServlet        : Completed initialization in 1 ms
2022-06-21 16:27:39.961  INFO 9872 --- [http-nio-8080-exec-5] c.f.f.controller.FanSettingsController   : findByName: name=default
2022-06-21 16:27:39.961  INFO 9872 --- [http-nio-8080-exec-5] c.f.fandemo.service.FanSettingsService   : findByName: name=default
2022-06-21 16:27:42.112  INFO 9872 --- [http-nio-8080-exec-1] c.f.f.controller.FanSettingsController   : findByName: name=default
2022-06-21 16:27:42.112  INFO 9872 --- [http-nio-8080-exec-1] c.f.fandemo.service.FanSettingsService   : findByName: name=default
2022-06-21 16:27:55.850  INFO 9872 --- [http-nio-8080-exec-6] c.f.f.controller.FanSettingsController   : findByName: name=default
2022-06-21 16:27:55.851  INFO 9872 --- [http-nio-8080-exec-6] c.f.fandemo.service.FanSettingsService   : findByName: name=default
